<?xml version="1.0" encoding="UTF-8"?>
<!-- Generated by org.testng.reporters.JUnitReportReporter -->
<testsuite hostname="Soniya-PC" failures="0" tests="1" name="com.eShopOnWeb.runners.TestRunnerApi" time="2.517" errors="0" timestamp="2024-10-05T12:27:45 BST" skipped="0">
  <testcase classname="com.eShopOnWeb.runners.TestRunnerApi" name="runScenario" time="2.517"/>
</testsuite> <!-- com.eShopOnWeb.runners.TestRunnerApi -->
