<?xml version="1.0" encoding="UTF-8"?>
<!-- Generated by org.testng.reporters.JUnitReportReporter -->
<testsuite hostname="Soniya-PC" failures="0" tests="6" name="com.eShopOnWeb.runners.TestRunnerUiApi" time="115.418" errors="0" timestamp="2024-10-06T15:30:12 BST" skipped="0">
  <testcase classname="com.eShopOnWeb.runners.TestRunnerUiApi" name="runScenario" time="88.163"/>
  <testcase classname="com.eShopOnWeb.runners.TestRunnerUiApi" name="runScenario" time="2.509"/>
  <testcase classname="com.eShopOnWeb.runners.TestRunnerUiApi" name="runScenario" time="0.046"/>
  <testcase classname="com.eShopOnWeb.runners.TestRunnerUiApi" name="runScenario" time="22.343"/>
  <testcase classname="com.eShopOnWeb.runners.TestRunnerUiApi" name="runScenario" time="0.370"/>
  <testcase classname="com.eShopOnWeb.runners.TestRunnerUiApi" name="runScenario" time="1.987"/>
</testsuite> <!-- com.eShopOnWeb.runners.TestRunnerUiApi -->
