<?xml version="1.0" encoding="UTF-8"?>
<!-- Generated by org.testng.reporters.JUnitReportReporter -->
<testsuite hostname="Soniya-PC" failures="0" tests="3" name="com.eShopOnWeb.runners.TestRunnerUi" time="11.327" errors="0" timestamp="2024-10-05T12:32:38 BST" skipped="0">
  <testcase classname="com.eShopOnWeb.runners.TestRunnerUi" name="runScenario" time="2.969"/>
  <testcase classname="com.eShopOnWeb.runners.TestRunnerUi" name="runScenario" time="2.046"/>
  <testcase classname="com.eShopOnWeb.runners.TestRunnerUi" name="runScenario" time="6.312"/>
</testsuite> <!-- com.eShopOnWeb.runners.TestRunnerUi -->
