<?xml version="1.0" encoding="UTF-8"?>
<!-- Generated by org.testng.reporters.JUnitReportReporter -->
<testsuite hostname="Soniya-PC" failures="0" tests="4" name="com.eShopOnWeb.runners.TestRunner" time="16.317" errors="0" timestamp="2024-10-05T12:11:53 BST" skipped="0">
  <testcase classname="com.eShopOnWeb.runners.TestRunner" name="runScenario" time="8.735"/>
  <testcase classname="com.eShopOnWeb.runners.TestRunner" name="runScenario" time="2.604"/>
  <testcase classname="com.eShopOnWeb.runners.TestRunner" name="runScenario" time="2.434"/>
  <testcase classname="com.eShopOnWeb.runners.TestRunner" name="runScenario" time="2.544"/>
</testsuite> <!-- com.eShopOnWeb.runners.TestRunner -->
