<?xml version="1.0" encoding="UTF-8"?>
<!-- Generated by org.testng.reporters.JUnitReportReporter -->
<testsuite hostname="DESKTOP-FBQBR6D" failures="0" tests="3" name="tests.EShopOnWebAddToCartAndCheckOut" time="63.940" errors="0" timestamp="2023-09-29T20:01:24 BST" skipped="0">
  <testcase classname="tests.EShopOnWebAddToCartAndCheckOut" name="filterAndCompareProductList" time="9.241"/>
  <system-out/>
  <testcase classname="tests.EShopOnWebAddToCartAndCheckOut" name="AddProductsToCart" time="32.641"/>
  <system-out/>
  <testcase classname="tests.EShopOnWebAddToCartAndCheckOut" name="checkoutProducts" time="22.058"/>
  <system-out/>
</testsuite> <!-- tests.EShopOnWebAddToCartAndCheckOut -->
